#
# There is insufficient memory for the Java Runtime Environment to continue.
# Native memory allocation (mmap) failed to map 68157440 bytes for committing reserved memory.
# Possible reasons:
#   The system is out of physical RAM or swap space
#   The process is running with CompressedOops enabled, and the Java Heap may be blocking the growth of the native heap
# Possible solutions:
#   Reduce memory load on the system
#   Increase physical memory or swap space
#   Check if swap backing store is full
#   Decrease Java heap size (-Xmx/-Xms)
#   Decrease number of Java threads
#   Decrease Java thread stack sizes (-Xss)
#   Set larger code cache with -XX:ReservedCodeCacheSize=
#   JVM is running with Unscaled Compressed Oops mode in which the Java heap is
#     placed in the first 4GB address space. The Java Heap base address is the
#     maximum limit for the native heap growth. Please use -XX:HeapBaseMinAddress
#     to set the Java Heap base and to place the Java Heap above 4GB virtual address.
# This output file may be truncated or incomplete.
#
#  Out of Memory Error (os_linux.cpp:2720), pid=4080, tid=4091
#
# JRE version: Java(TM) SE Runtime Environment (11.0.5+10) (build 11.0.5+10-LTS)
# Java VM: Java HotSpot(TM) 64-Bit Server VM (11.0.5+10-LTS, mixed mode, tiered, compressed oops, g1 gc, linux-amd64)
# Core dump will be written. Default location: Core dumps may be processed with "/usr/share/apport/apport %p %s %c %d %P" (or dumping to /home/lbt/IdeaProjects/leyou/core.4080)
#

---------------  S U M M A R Y ------------

Command Line: -agentlib:jdwp=transport=dt_socket,address=127.0.0.1:43811,suspend=y,server=n -XX:TieredStopAtLevel=1 -Xverify:none -Dspring.output.ansi.enabled=always -Dcom.sun.management.jmxremote -Dspring.liveBeansView.mbeanDomain -Dspring.application.admin.enabled=true -javaagent:/usr/local/idea-IU-183.5912.21/lib/rt/debugger-agent.jar -Dfile.encoding=UTF-8 com.leyou.LyItemService

Host: Intel(R) Core(TM) i7-7700 CPU @ 3.60GHz, 4 cores, 1G, Ubuntu 18.04.3 LTS
Time: Tue Dec 24 19:49:35 2019 CST elapsed time: 8 seconds (0d 0h 0m 8s)

---------------  T H R E A D  ---------------

Current thread (0x00007feafc143000):  VMThread "VM Thread" [stack: 0x00007fead5700000,0x00007fead5800000] [id=4091]

Stack: [0x00007fead5700000,0x00007fead5800000],  sp=0x00007fead57fdf20,  free space=1015k
Native frames: (J=compiled Java code, A=aot compiled Java code, j=interpreted, Vv=VM code, C=native code)
V  [libjvm.so+0xe2b927]  VMError::report_and_die(int, char const*, char const*, __va_list_tag*, Thread*, unsigned char*, void*, void*, char const*, int, unsigned long)+0x317
V  [libjvm.so+0xe2c58b]  VMError::report_and_die(Thread*, char const*, int, unsigned long, VMErrorType, char const*, __va_list_tag*)+0x2b
V  [libjvm.so+0x69aab5]  report_vm_out_of_memory(char const*, int, unsigned long, VMErrorType, char const*, ...)+0xd5
V  [libjvm.so+0xc05168]  os::pd_commit_memory_or_exit(char*, unsigned long, unsigned long, bool, char const*)+0x108
V  [libjvm.so+0xbfc6cd]  os::commit_memory_or_exit(char*, unsigned long, unsigned long, bool, char const*)+0x1d
V  [libjvm.so+0x7b3dfc]  G1PageBasedVirtualSpace::commit_preferred_pages(unsigned long, unsigned long)+0x6c
V  [libjvm.so+0x7b409e]  G1PageBasedVirtualSpace::commit(unsigned long, unsigned long)+0x5e
V  [libjvm.so+0x7bfe70]  G1RegionsLargerThanCommitSizeMapper::commit_regions(unsigned int, unsigned long, WorkGang*)+0x40
V  [libjvm.so+0x83b8b9]  HeapRegionManager::commit_regions(unsigned int, unsigned long, WorkGang*)+0x89
V  [libjvm.so+0x83c50f]  HeapRegionManager::make_regions_available(unsigned int, unsigned int, WorkGang*)+0x3f
V  [libjvm.so+0x83c999]  HeapRegionManager::expand_at(unsigned int, unsigned int, WorkGang*) [clone .part.44]+0x119
V  [libjvm.so+0x77858f]  G1CollectedHeap::expand(unsigned long, WorkGang*, double*)+0xdf
V  [libjvm.so+0x77d35a]  G1CollectedHeap::do_collection_pause_at_safepoint(double)+0xa9a
V  [libjvm.so+0xe37541]  VM_G1CollectForAllocation::doit()+0x81
V  [libjvm.so+0xe360d7]  VM_Operation::evaluate()+0xe7
V  [libjvm.so+0xe338bf]  VMThread::evaluate_operation(VM_Operation*) [clone .constprop.54]+0xff
V  [libjvm.so+0xe33df6]  VMThread::loop()+0x3e6
V  [libjvm.so+0xe3423b]  VMThread::run()+0x7b
V  [libjvm.so+0xc0b020]  thread_native_entry(Thread*)+0xf0

VM_Operation (0x00007feaa599efd0): G1CollectForAllocation, mode: safepoint, requested by thread 0x00007fea88199000


---------------  P R O C E S S  ---------------

Threads class SMR info:
_java_thread_list=0x00007fea7012c5f0, length=21, elements={
0x00007feafc017000, 0x00007feafc14b000, 0x00007feafc14f800, 0x00007feafc162000,
0x00007feafc164000, 0x00007feafc166000, 0x00007feafc1e1800, 0x00007feafc23a800,
0x00007feafc23e800, 0x00007feaa8001800, 0x00007feafc813800, 0x00007feafc8e8800,
0x00007feab8001000, 0x00007fea8c002000, 0x00007fea74026800, 0x00007feafd2df800,
0x00007fea88199000, 0x00007fea700ae000, 0x00007fea9c022000, 0x00007fea9c022800,
0x00007fea700df000
}

Java Threads: ( => current thread )
  0x00007feafc017000 JavaThread "main" [_thread_blocked, id=4085, stack(0x00007feb0533c000,0x00007feb0543d000)]
  0x00007feafc14b000 JavaThread "Reference Handler" daemon [_thread_blocked, id=4092, stack(0x00007fead55fd000,0x00007fead56fe000)]
  0x00007feafc14f800 JavaThread "Finalizer" daemon [_thread_blocked, id=4093, stack(0x00007fead54fc000,0x00007fead55fd000)]
  0x00007feafc162000 JavaThread "Signal Dispatcher" daemon [_thread_blocked, id=4094, stack(0x00007fead4a2c000,0x00007fead4b2d000)]
  0x00007feafc164000 JavaThread "C1 CompilerThread0" daemon [_thread_blocked, id=4095, stack(0x00007fead492b000,0x00007fead4a2c000)]
  0x00007feafc166000 JavaThread "Sweeper thread" daemon [_thread_blocked, id=4096, stack(0x00007fead482a000,0x00007fead492b000)]
  0x00007feafc1e1800 JavaThread "Common-Cleaner" daemon [_thread_blocked, id=4100, stack(0x00007fead4729000,0x00007fead482a000)]
  0x00007feafc23a800 JavaThread "JDWP Transport Listener: dt_socket" daemon [_thread_blocked, id=4101, stack(0x00007fead4422000,0x00007fead4523000)]
  0x00007feafc23e800 JavaThread "JDWP Event Helper Thread" daemon [_thread_blocked, id=4102, stack(0x00007fead4321000,0x00007fead4422000)]
  0x00007feaa8001800 JavaThread "JDWP Command Reader" daemon [_thread_in_native, id=4104, stack(0x00007fead4220000,0x00007fead4321000)]
  0x00007feafc813800 JavaThread "Service Thread" daemon [_thread_blocked, id=4106, stack(0x00007feaa7ce7000,0x00007feaa7de8000)]
  0x00007feafc8e8800 JavaThread "RMI TCP Accept-0" daemon [_thread_in_native, id=4115, stack(0x00007feaa71d4000,0x00007feaa72d5000)]
  0x00007feab8001000 JavaThread "Attach Listener" daemon [_thread_blocked, id=4118, stack(0x00007feaa6bd1000,0x00007feaa6cd2000)]
  0x00007fea8c002000 JavaThread "RMI TCP Connection(1)-127.0.0.1" daemon [_thread_in_native, id=4125, stack(0x00007feaa67cb000,0x00007feaa68cc000)]
  0x00007fea74026800 JavaThread "RMI Scheduler(0)" daemon [_thread_blocked, id=4128, stack(0x00007feaa64ca000,0x00007feaa65cb000)]
  0x00007feafd2df800 JavaThread "Tomcat-startStop-1" daemon [_thread_blocked, id=4146, stack(0x00007feaa6ad0000,0x00007feaa6bd1000)]
  0x00007fea88199000 JavaThread "localhost-startStop-1" daemon [_thread_blocked, id=4147, stack(0x00007feaa58a3000,0x00007feaa59a4000)]
  0x00007fea700ae000 JavaThread "Abandoned connection cleanup thread" daemon [_thread_blocked, id=4152, stack(0x00007feaa63c9000,0x00007feaa64ca000)]
  0x00007fea9c022000 JavaThread "Thread-3" daemon [_thread_blocked, id=4155, stack(0x00007feaa47a2000,0x00007feaa48a3000)]
  0x00007fea9c022800 JavaThread "SimplePauseDetectorThread_0" daemon [_thread_blocked, id=4156, stack(0x00007feaa46a1000,0x00007feaa47a2000)]
  0x00007fea700df000 JavaThread "spring.cloud.inetutils" daemon [_thread_blocked, id=4157, stack(0x00007feaa45a0000,0x00007feaa46a1000)]

Other Threads:
=>0x00007feafc143000 VMThread "VM Thread" [stack: 0x00007fead5700000,0x00007fead5800000] [id=4091]
  0x00007feafc8f2000 WatcherThread [stack: 0x00007feaa6ed4000,0x00007feaa6fd4000] [id=4116]
  0x00007feafc03f000 GCTaskThread "GC Thread#0" [stack: 0x00007feb013fd000,0x00007feb014fd000] [id=4086]
  0x00007feacc001000 GCTaskThread "GC Thread#1" [stack: 0x00007feaa75dc000,0x00007feaa76dc000] [id=4110]
  0x00007feacc003800 GCTaskThread "GC Thread#2" [stack: 0x00007feaa69d0000,0x00007feaa6ad0000] [id=4120]
  0x00007feacc005000 GCTaskThread "GC Thread#3" [stack: 0x00007feaa68ce000,0x00007feaa69ce000] [id=4121]
  0x00007feafc04f000 ConcurrentGCThread "G1 Main Marker" [stack: 0x00007feb00465000,0x00007feb00565000] [id=4087]
  0x00007feafc050800 ConcurrentGCThread "G1 Conc#0" [stack: 0x00007feb00363000,0x00007feb00463000] [id=4088]
  0x00007feafc07c000 ConcurrentGCThread "G1 Refine#0" [stack: 0x00007feae4257000,0x00007feae4357000] [id=4089]
  0x00007fead0001000 ConcurrentGCThread "G1 Refine#1" [stack: 0x00007feaa74da000,0x00007feaa75da000] [id=4111]
  0x00007feafc07e000 ConcurrentGCThread "G1 Young RemSet Sampling" [stack: 0x00007feae4155000,0x00007feae4255000] [id=4090]

Threads with active compile tasks:

VM state:at safepoint (normal execution)

VM Mutex/Monitor currently owned by a thread:  ([mutex/lock_event])
[0x00007feafc013230] Threads_lock - owner thread: 0x00007feafc143000
[0x00007feafc013980] Heap_lock - owner thread: 0x00007fea88199000

Heap address: 0x00000000e1400000, size: 492 MB, Compressed Oops mode: 32-bit
Narrow klass base: 0x0000000000000000, Narrow klass shift: 3
Compressed class space size: 1073741824 Address: 0x0000000100000000

Heap:
 garbage-first heap   total 184320K, used 29937K [0x00000000e1400000, 0x0000000100000000)
  region size 1024K, 6 young (6144K), 6 survivors (6144K)
 Metaspace       used 41742K, capacity 42991K, committed 43052K, reserved 1087488K
  class space    used 5224K, capacity 5723K, committed 5760K, reserved 1048576K
Heap Regions: E=young(eden), S=young(survivor), O=old, HS=humongous(starts), HC=humongous(continues), CS=collection set, F=free, A=archive, TAMS=top-at-mark-start (previous, next)
|   0|0x00000000e1400000, 0x00000000e1500000, 0x00000000e1500000|100%| O|  |TAMS 0x00000000e1500000, 0x00000000e1400000| Untracked 
|   1|0x00000000e1500000, 0x00000000e1600000, 0x00000000e1600000|100%| O|  |TAMS 0x00000000e1600000, 0x00000000e1500000| Untracked 
|   2|0x00000000e1600000, 0x00000000e1700000, 0x00000000e1700000|100%| O|  |TAMS 0x00000000e1700000, 0x00000000e1600000| Untracked 
|   3|0x00000000e1700000, 0x00000000e1800000, 0x00000000e1800000|100%| O|  |TAMS 0x00000000e1800000, 0x00000000e1700000| Untracked 
|   4|0x00000000e1800000, 0x00000000e1900000, 0x00000000e1900000|100%| O|  |TAMS 0x00000000e1900000, 0x00000000e1800000| Untracked 
|   5|0x00000000e1900000, 0x00000000e1a00000, 0x00000000e1a00000|100%| O|  |TAMS 0x00000000e1a00000, 0x00000000e1900000| Untracked 
|   6|0x00000000e1a00000, 0x00000000e1b00000, 0x00000000e1b00000|100%| O|  |TAMS 0x00000000e1b00000, 0x00000000e1a00000| Untracked 
|   7|0x00000000e1b00000, 0x00000000e1c00000, 0x00000000e1c00000|100%| O|  |TAMS 0x00000000e1c00000, 0x00000000e1b00000| Untracked 
|   8|0x00000000e1c00000, 0x00000000e1d00000, 0x00000000e1d00000|100%| O|  |TAMS 0x00000000e1d00000, 0x00000000e1c00000| Untracked 
|   9|0x00000000e1d00000, 0x00000000e1e00000, 0x00000000e1e00000|100%| O|  |TAMS 0x00000000e1e00000, 0x00000000e1d00000| Untracked 
|  10|0x00000000e1e00000, 0x00000000e1f00000, 0x00000000e1f00000|100%| O|  |TAMS 0x00000000e1f00000, 0x00000000e1e00000| Untracked 
|  11|0x00000000e1f00000, 0x00000000e2000000, 0x00000000e2000000|100%| O|  |TAMS 0x00000000e2000000, 0x00000000e1f00000| Untracked 
|  12|0x00000000e2000000, 0x00000000e2100000, 0x00000000e2100000|100%| O|  |TAMS 0x00000000e2100000, 0x00000000e2000000| Untracked 
|  13|0x00000000e2100000, 0x00000000e2200000, 0x00000000e2200000|100%| O|  |TAMS 0x00000000e2200000, 0x00000000e2100000| Untracked 
|  14|0x00000000e2200000, 0x00000000e2300000, 0x00000000e2300000|100%| O|  |TAMS 0x00000000e2300000, 0x00000000e2200000| Untracked 
|  15|0x00000000e2300000, 0x00000000e2400000, 0x00000000e2400000|100%| O|  |TAMS 0x00000000e2400000, 0x00000000e2300000| Untracked 
|  16|0x00000000e2400000, 0x00000000e2500000, 0x00000000e2500000|100%| O|  |TAMS 0x00000000e24e1400, 0x00000000e2400000| Untracked 
|  17|0x00000000e2500000, 0x00000000e2600000, 0x00000000e2600000|100%| O|  |TAMS 0x00000000e2500000, 0x00000000e2500000| Untracked 
|  18|0x00000000e2600000, 0x00000000e2700000, 0x00000000e2700000|100%| O|  |TAMS 0x00000000e2600000, 0x00000000e2600000| Untracked 
|  19|0x00000000e2700000, 0x00000000e2800000, 0x00000000e2800000|100%| O|  |TAMS 0x00000000e2700000, 0x00000000e2700000| Untracked 
|  20|0x00000000e2800000, 0x00000000e2900000, 0x00000000e2900000|100%| O|  |TAMS 0x00000000e2800000, 0x00000000e2800000| Untracked 
|  21|0x00000000e2900000, 0x00000000e2a00000, 0x00000000e2a00000|100%| O|  |TAMS 0x00000000e2900000, 0x00000000e2900000| Untracked 
|  22|0x00000000e2a00000, 0x00000000e2b00000, 0x00000000e2b00000|100%| O|  |TAMS 0x00000000e2a00000, 0x00000000e2a00000| Untracked 
|  23|0x00000000e2b00000, 0x00000000e2bc7600, 0x00000000e2c00000| 77%| O|  |TAMS 0x00000000e2b00000, 0x00000000e2b00000| Untracked 
|  24|0x00000000e2c00000, 0x00000000e2c00000, 0x00000000e2d00000|  0%| F|  |TAMS 0x00000000e2c00000, 0x00000000e2c00000| Untracked 
|  25|0x00000000e2d00000, 0x00000000e2d00000, 0x00000000e2e00000|  0%| F|  |TAMS 0x00000000e2d00000, 0x00000000e2d00000| Untracked 
|  26|0x00000000e2e00000, 0x00000000e2e00000, 0x00000000e2f00000|  0%| F|  |TAMS 0x00000000e2e00000, 0x00000000e2e00000| Untracked 
|  27|0x00000000e2f00000, 0x00000000e2f00000, 0x00000000e3000000|  0%| F|  |TAMS 0x00000000e2f00000, 0x00000000e2f00000| Untracked 
|  28|0x00000000e3000000, 0x00000000e3000000, 0x00000000e3100000|  0%| F|  |TAMS 0x00000000e3000000, 0x00000000e3000000| Untracked 
|  29|0x00000000e3100000, 0x00000000e3100000, 0x00000000e3200000|  0%| F|  |TAMS 0x00000000e3100000, 0x00000000e3100000| Untracked 
|  30|0x00000000e3200000, 0x00000000e3200000, 0x00000000e3300000|  0%| F|  |TAMS 0x00000000e3200000, 0x00000000e3200000| Untracked 
|  31|0x00000000e3300000, 0x00000000e3300000, 0x00000000e3400000|  0%| F|  |TAMS 0x00000000e3300000, 0x00000000e3300000| Untracked 
|  32|0x00000000e3400000, 0x00000000e3400000, 0x00000000e3500000|  0%| F|  |TAMS 0x00000000e3400000, 0x00000000e3400000| Untracked 
|  33|0x00000000e3500000, 0x00000000e3500000, 0x00000000e3600000|  0%| F|  |TAMS 0x00000000e3500000, 0x00000000e3500000| Untracked 
|  34|0x00000000e3600000, 0x00000000e3600000, 0x00000000e3700000|  0%| F|  |TAMS 0x00000000e3600000, 0x00000000e3600000| Untracked 
|  35|0x00000000e3700000, 0x00000000e3700000, 0x00000000e3800000|  0%| F|  |TAMS 0x00000000e3700000, 0x00000000e3700000| Untracked 
|  36|0x00000000e3800000, 0x00000000e3800000, 0x00000000e3900000|  0%| F|  |TAMS 0x00000000e3800000, 0x00000000e3800000| Untracked 
|  37|0x00000000e3900000, 0x00000000e3900000, 0x00000000e3a00000|  0%| F|  |TAMS 0x00000000e3900000, 0x00000000e3900000| Untracked 
|  38|0x00000000e3a00000, 0x00000000e3a00000, 0x00000000e3b00000|  0%| F|  |TAMS 0x00000000e3a00000, 0x00000000e3a00000| Untracked 
|  39|0x00000000e3b00000, 0x00000000e3b00000, 0x00000000e3c00000|  0%| F|  |TAMS 0x00000000e3b00000, 0x00000000e3b00000| Untracked 
|  40|0x00000000e3c00000, 0x00000000e3c00000, 0x00000000e3d00000|  0%| F|  |TAMS 0x00000000e3c00000, 0x00000000e3c00000| Untracked 
|  41|0x00000000e3d00000, 0x00000000e3d00000, 0x00000000e3e00000|  0%| F|  |TAMS 0x00000000e3d00000, 0x00000000e3d00000| Untracked 
|  42|0x00000000e3e00000, 0x00000000e3e00000, 0x00000000e3f00000|  0%| F|  |TAMS 0x00000000e3e00000, 0x00000000e3e00000| Untracked 
|  43|0x00000000e3f00000, 0x00000000e3f00000, 0x00000000e4000000|  0%| F|  |TAMS 0x00000000e3f00000, 0x00000000e3f00000| Untracked 
|  44|0x00000000e4000000, 0x00000000e4000000, 0x00000000e4100000|  0%| F|  |TAMS 0x00000000e4000000, 0x00000000e4000000| Untracked 
|  45|0x00000000e4100000, 0x00000000e4100000, 0x00000000e4200000|  0%| F|  |TAMS 0x00000000e4100000, 0x00000000e4100000| Untracked 
|  46|0x00000000e4200000, 0x00000000e4200000, 0x00000000e4300000|  0%| F|  |TAMS 0x00000000e4200000, 0x00000000e4200000| Untracked 
|  47|0x00000000e4300000, 0x00000000e4300000, 0x00000000e4400000|  0%| F|  |TAMS 0x00000000e4300000, 0x00000000e4300000| Untracked 
|  48|0x00000000e4400000, 0x00000000e4400000, 0x00000000e4500000|  0%| F|  |TAMS 0x00000000e4400000, 0x00000000e4400000| Untracked 
|  49|0x00000000e4500000, 0x00000000e4500000, 0x00000000e4600000|  0%| F|  |TAMS 0x00000000e4500000, 0x00000000e4500000| Untracked 
|  50|0x00000000e4600000, 0x00000000e4600000, 0x00000000e4700000|  0%| F|  |TAMS 0x00000000e4600000, 0x00000000e4600000| Untracked 
|  51|0x00000000e4700000, 0x00000000e4700000, 0x00000000e4800000|  0%| F|  |TAMS 0x00000000e4700000, 0x00000000e4700000| Untracked 
|  52|0x00000000e4800000, 0x00000000e4800000, 0x00000000e4900000|  0%| F|  |TAMS 0x00000000e4800000, 0x00000000e4800000| Untracked 
|  53|0x00000000e4900000, 0x00000000e4900000, 0x00000000e4a00000|  0%| F|  |TAMS 0x00000000e4900000, 0x00000000e4900000| Untracked 
|  54|0x00000000e4a00000, 0x00000000e4a750e0, 0x00000000e4b00000| 45%| S|CS|TAMS 0x00000000e4a00000, 0x00000000e4a00000| Complete 
|  55|0x00000000e4b00000, 0x00000000e4c00000, 0x00000000e4c00000|100%| S|CS|TAMS 0x00000000e4b00000, 0x00000000e4b00000| Complete 
|  56|0x00000000e4c00000, 0x00000000e4d00000, 0x00000000e4d00000|100%| S|CS|TAMS 0x00000000e4c00000, 0x00000000e4c00000| Complete 
|  57|0x00000000e4d00000, 0x00000000e4e00000, 0x00000000e4e00000|100%| S|CS|TAMS 0x00000000e4d00000, 0x00000000e4d00000| Complete 
|  58|0x00000000e4e00000, 0x00000000e4f00000, 0x00000000e4f00000|100%| S|CS|TAMS 0x00000000e4e00000, 0x00000000e4e00000| Complete 
|  59|0x00000000e4f00000, 0x00000000e5000000, 0x00000000e5000000|100%| S|CS|TAMS 0x00000000e4f00000, 0x00000000e4f00000| Complete 
|  60|0x00000000e5000000, 0x00000000e5000000, 0x00000000e5100000|  0%| F|  |TAMS 0x00000000e5000000, 0x00000000e5000000| Untracked 
|  61|0x00000000e5100000, 0x00000000e5100000, 0x00000000e5200000|  0%| F|  |TAMS 0x00000000e5100000, 0x00000000e5100000| Untracked 
|  62|0x00000000e5200000, 0x00000000e5200000, 0x00000000e5300000|  0%| F|  |TAMS 0x00000000e5200000, 0x00000000e5200000| Untracked 
|  63|0x00000000e5300000, 0x00000000e5300000, 0x00000000e5400000|  0%| F|  |TAMS 0x00000000e5300000, 0x00000000e5300000| Untracked 
|  64|0x00000000e5400000, 0x00000000e5400000, 0x00000000e5500000|  0%| F|  |TAMS 0x00000000e5400000, 0x00000000e5400000| Untracked 
|  65|0x00000000e5500000, 0x00000000e5500000, 0x00000000e5600000|  0%| F|  |TAMS 0x00000000e5500000, 0x00000000e5500000| Untracked 
|  66|0x00000000e5600000, 0x00000000e5600000, 0x00000000e5700000|  0%| F|  |TAMS 0x00000000e5600000, 0x00000000e5600000| Untracked 
|  67|0x00000000e5700000, 0x00000000e5700000, 0x00000000e5800000|  0%| F|  |TAMS 0x00000000e5700000, 0x00000000e5700000| Untracked 
|  68|0x00000000e5800000, 0x00000000e5800000, 0x00000000e5900000|  0%| F|  |TAMS 0x00000000e5800000, 0x00000000e5800000| Untracked 
|  69|0x00000000e5900000, 0x00000000e5900000, 0x00000000e5a00000|  0%| F|  |TAMS 0x00000000e5900000, 0x00000000e5900000| Untracked 
|  70|0x00000000e5a00000, 0x00000000e5a00000, 0x00000000e5b00000|  0%| F|  |TAMS 0x00000000e5a00000, 0x00000000e5a00000| Untracked 
|  71|0x00000000e5b00000, 0x00000000e5b00000, 0x00000000e5c00000|  0%| F|  |TAMS 0x00000000e5b00000, 0x00000000e5b00000| Untracked 
|  72|0x00000000e5c00000, 0x00000000e5c00000, 0x00000000e5d00000|  0%| F|  |TAMS 0x00000000e5c00000, 0x00000000e5c00000| Untracked 
|  73|0x00000000e5d00000, 0x00000000e5d00000, 0x00000000e5e00000|  0%| F|  |TAMS 0x00000000e5d00000, 0x00000000e5d00000| Untracked 
|  74|0x00000000e5e00000, 0x00000000e5e00000, 0x00000000e5f00000|  0%| F|  |TAMS 0x00000000e5e00000, 0x00000000e5e00000| Untracked 
|  75|0x00000000e5f00000, 0x00000000e5f00000, 0x00000000e6000000|  0%| F|  |TAMS 0x00000000e5f00000, 0x00000000e5f00000| Untracked 
|  76|0x00000000e6000000, 0x00000000e6000000, 0x00000000e6100000|  0%| F|  |TAMS 0x00000000e6000000, 0x00000000e6000000| Untracked 
|  77|0x00000000e6100000, 0x00000000e6100000, 0x00000000e6200000|  0%| F|  |TAMS 0x00000000e6100000, 0x00000000e6100000| Untracked 
|  78|0x00000000e6200000, 0x00000000e6200000, 0x00000000e6300000|  0%| F|  |TAMS 0x00000000e6200000, 0x00000000e6200000| Untracked 
|  79|0x00000000e6300000, 0x00000000e6300000, 0x00000000e6400000|  0%| F|  |TAMS 0x00000000e6300000, 0x00000000e6300000| Untracked 
|  80|0x00000000e6400000, 0x00000000e6400000, 0x00000000e6500000|  0%| F|  |TAMS 0x00000000e6400000, 0x00000000e6400000| Untracked 
|  81|0x00000000e6500000, 0x00000000e6500000, 0x00000000e6600000|  0%| F|  |TAMS 0x00000000e6500000, 0x00000000e6500000| Untracked 
|  82|0x00000000e6600000, 0x00000000e6600000, 0x00000000e6700000|  0%| F|  |TAMS 0x00000000e6600000, 0x00000000e6600000| Untracked 
|  83|0x00000000e6700000, 0x00000000e6700000, 0x00000000e6800000|  0%| F|  |TAMS 0x00000000e6700000, 0x00000000e6700000| Untracked 
|  84|0x00000000e6800000, 0x00000000e6800000, 0x00000000e6900000|  0%| F|  |TAMS 0x00000000e6800000, 0x00000000e6800000| Untracked 
|  85|0x00000000e6900000, 0x00000000e6900000, 0x00000000e6a00000|  0%| F|  |TAMS 0x00000000e6900000, 0x00000000e6900000| Untracked 
|  86|0x00000000e6a00000, 0x00000000e6a00000, 0x00000000e6b00000|  0%| F|  |TAMS 0x00000000e6a00000, 0x00000000e6a00000| Untracked 
|  87|0x00000000e6b00000, 0x00000000e6b00000, 0x00000000e6c00000|  0%| F|  |TAMS 0x00000000e6b00000, 0x00000000e6b00000| Untracked 
|  88|0x00000000e6c00000, 0x00000000e6c00000, 0x00000000e6d00000|  0%| F|  |TAMS 0x00000000e6c00000, 0x00000000e6c00000| Untracked 
|  89|0x00000000e6d00000, 0x00000000e6d00000, 0x00000000e6e00000|  0%| F|  |TAMS 0x00000000e6d00000, 0x00000000e6d00000| Untracked 
|  90|0x00000000e6e00000, 0x00000000e6e00000, 0x00000000e6f00000|  0%| F|  |TAMS 0x00000000e6e00000, 0x00000000e6e00000| Untracked 
|  91|0x00000000e6f00000, 0x00000000e6f00000, 0x00000000e7000000|  0%| F|  |TAMS 0x00000000e6f00000, 0x00000000e6f00000| Untracked 
|  92|0x00000000e7000000, 0x00000000e7000000, 0x00000000e7100000|  0%| F|  |TAMS 0x00000000e7000000, 0x00000000e7000000| Untracked 
|  93|0x00000000e7100000, 0x00000000e7100000, 0x00000000e7200000|  0%| F|  |TAMS 0x00000000e7100000, 0x00000000e7100000| Untracked 
|  94|0x00000000e7200000, 0x00000000e7200000, 0x00000000e7300000|  0%| F|  |TAMS 0x00000000e7200000, 0x00000000e7200000| Untracked 
|  95|0x00000000e7300000, 0x00000000e7300000, 0x00000000e7400000|  0%| F|  |TAMS 0x00000000e7300000, 0x00000000e7300000| Untracked 
|  96|0x00000000e7400000, 0x00000000e7400000, 0x00000000e7500000|  0%| F|  |TAMS 0x00000000e7400000, 0x00000000e7400000| Untracked 
|  97|0x00000000e7500000, 0x00000000e7500000, 0x00000000e7600000|  0%| F|  |TAMS 0x00000000e7500000, 0x00000000e7500000| Untracked 
|  98|0x00000000e7600000, 0x00000000e7600000, 0x00000000e7700000|  0%| F|  |TAMS 0x00000000e7600000, 0x00000000e7600000| Untracked 
|  99|0x00000000e7700000, 0x00000000e7700000, 0x00000000e7800000|  0%| F|  |TAMS 0x00000000e7700000, 0x00000000e7700000| Untracked 
| 100|0x00000000e7800000, 0x00000000e7800000, 0x00000000e7900000|  0%| F|  |TAMS 0x00000000e7800000, 0x00000000e7800000| Untracked 
| 101|0x00000000e7900000, 0x00000000e7900000, 0x00000000e7a00000|  0%| F|  |TAMS 0x00000000e7900000, 0x00000000e7900000| Untracked 
| 102|0x00000000e7a00000, 0x00000000e7a00000, 0x00000000e7b00000|  0%| F|  |TAMS 0x00000000e7a00000, 0x00000000e7a00000| Untracked 
| 103|0x00000000e7b00000, 0x00000000e7b00000, 0x00000000e7c00000|  0%| F|  |TAMS 0x00000000e7b00000, 0x00000000e7b00000| Untracked 
| 104|0x00000000e7c00000, 0x00000000e7c00000, 0x00000000e7d00000|  0%| F|  |TAMS 0x00000000e7c00000, 0x00000000e7c00000| Untracked 
| 105|0x00000000e7d00000, 0x00000000e7d00000, 0x00000000e7e00000|  0%| F|  |TAMS 0x00000000e7d00000, 0x00000000e7d00000| Untracked 
| 106|0x00000000e7e00000, 0x00000000e7e00000, 0x00000000e7f00000|  0%| F|  |TAMS 0x00000000e7e00000, 0x00000000e7e00000| Untracked 
| 107|0x00000000e7f00000, 0x00000000e7f00000, 0x00000000e8000000|  0%| F|  |TAMS 0x00000000e7f00000, 0x00000000e7f00000| Untracked 
| 108|0x00000000e8000000, 0x00000000e8000000, 0x00000000e8100000|  0%| F|  |TAMS 0x00000000e8000000, 0x00000000e8000000| Untracked 
| 109|0x00000000e8100000, 0x00000000e8100000, 0x00000000e8200000|  0%| F|  |TAMS 0x00000000e8100000, 0x00000000e8100000| Untracked 
| 110|0x00000000e8200000, 0x00000000e8200000, 0x00000000e8300000|  0%| F|  |TAMS 0x00000000e8200000, 0x00000000e8200000| Untracked 
| 111|0x00000000e8300000, 0x00000000e8300000, 0x00000000e8400000|  0%| F|  |TAMS 0x00000000e8300000, 0x00000000e8300000| Untracked 
| 112|0x00000000e8400000, 0x00000000e8400000, 0x00000000e8500000|  0%| F|  |TAMS 0x00000000e8400000, 0x00000000e8400000| Untracked 
| 113|0x00000000e8500000, 0x00000000e8500000, 0x00000000e8600000|  0%| F|  |TAMS 0x00000000e8500000, 0x00000000e8500000| Untracked 
| 114|0x00000000e8600000, 0x00000000e8600000, 0x00000000e8700000|  0%| F|  |TAMS 0x00000000e8600000, 0x00000000e8600000| Untracked 

Card table byte_map: [0x00007feb00e0b000,0x00007feb00f01000] _byte_map_base: 0x00007feb00701000

Marking Bits (Prev, Next): (CMBitMap*) 0x00007feafc04c1e8, (CMBitMap*) 0x00007feafc04c220
 Prev Bits: [0x00007feb00565000, 0x00007feb00d15000)
 Next Bits: [0x00007feae4458000, 0x00007feae4c08000)

Polling page: 0x00007feb05455000

Metaspace:

Usage:
  Non-class:     36.39 MB capacity,    35.66 MB ( 98%) used,   607.70 KB (  2%) free+waste,   142.25 KB ( <1%) overhead. 
      Class:      5.59 MB capacity,     5.10 MB ( 91%) used,   428.87 KB (  7%) free+waste,    69.50 KB (  1%) overhead. 
       Both:     41.98 MB capacity,    40.76 MB ( 97%) used,     1.01 MB (  2%) free+waste,   211.75 KB ( <1%) overhead. 

Virtual space:
  Non-class space:       38.00 MB reserved,      36.42 MB ( 96%) committed 
      Class space:        1.00 GB reserved,       5.62 MB ( <1%) committed 
             Both:        1.04 GB reserved,      42.04 MB (  4%) committed 

Chunk freelists:
   Non-Class:  3.00 KB
       Class:  640 bytes
        Both:  3.62 KB

CodeHeap 'non-profiled nmethods': size=238948Kb used=8704Kb max_used=8704Kb free=230243Kb
 bounds [0x00007feae52af000, 0x00007feae5b3f000, 0x00007feaf3c08000]
CodeHeap 'non-nmethods': size=6812Kb used=1217Kb max_used=1217Kb free=5594Kb
 bounds [0x00007feae4c08000, 0x00007feae4e78000, 0x00007feae52af000]
 total_blobs=5384 nmethods=4827 adapters=438
 compilation: enabled
              stopped_count=0, restarted_count=0
 full_count=0

Compilation events (10 events):
Event: 8.349 Thread 0x00007feafc164000 4865   !   1       com.sun.proxy.$Proxy33::annotationType (29 bytes)
Event: 8.349 Thread 0x00007feafc164000 nmethod 4865 0x00007feae5b2be90 code [0x00007feae5b2c080, 0x00007feae5b2c358]
Event: 8.349 Thread 0x00007feafc164000 4864       1       org.springframework.cglib.core.TypeUtils::getBoxedType (86 bytes)
Event: 8.350 Thread 0x00007feafc164000 nmethod 4864 0x00007feae5b2c510 code [0x00007feae5b2c6e0, 0x00007feae5b2c8f0]
Event: 8.369 Thread 0x00007feafc164000 4866  s!   1       java.beans.PropertyDescriptor::getReadMethod (149 bytes)
Event: 8.403 Thread 0x00007feafc164000 nmethod 4866 0x00007feae5b2c990 code [0x00007feae5b2cc00, 0x00007feae5b2d528]
Event: 8.421 Thread 0x00007feafc164000 4867  s!   1       java.beans.PropertyDescriptor::getWriteMethod (152 bytes)
Event: 8.424 Thread 0x00007feafc164000 nmethod 4867 0x00007feae5b2d910 code [0x00007feae5b2db80, 0x00007feae5b2e658]
Event: 8.431 Thread 0x00007feafc164000 4868       1       java.lang.reflect.Field::hashCode (19 bytes)
Event: 8.431 Thread 0x00007feafc164000 nmethod 4868 0x00007feae5b2eb90 code [0x00007feae5b2ed60, 0x00007feae5b2ef08]

GC Heap History (10 events):
Event: 3.944 GC heap after
{Heap after GC invocations=15 (full 0):
 garbage-first heap   total 117760K, used 20244K [0x00000000e1400000, 0x0000000100000000)
  region size 1024K, 3 young (3072K), 3 survivors (3072K)
 Metaspace       used 34307K, capacity 35280K, committed 35456K, reserved 1079296K
  class space    used 4284K, capacity 4677K, committed 4736K, reserved 1048576K
}
Event: 4.012 GC heap before
{Heap before GC invocations=15 (full 0):
 garbage-first heap   total 117760K, used 26388K [0x00000000e1400000, 0x0000000100000000)
  region size 1024K, 10 young (10240K), 3 survivors (3072K)
 Metaspace       used 34492K, capacity 35420K, committed 35628K, reserved 1081344K
  class space    used 4302K, capacity 4679K, committed 4736K, reserved 1048576K
}
Event: 4.018 GC heap after
{Heap after GC invocations=16 (full 0):
 garbage-first heap   total 117760K, used 20357K [0x00000000e1400000, 0x0000000100000000)
  region size 1024K, 3 young (3072K), 3 survivors (3072K)
 Metaspace       used 34492K, capacity 35420K, committed 35628K, reserved 1081344K
  class space    used 4302K, capacity 4679K, committed 4736K, reserved 1048576K
}
Event: 4.560 GC heap before
{Heap before GC invocations=17 (full 0):
 garbage-first heap   total 117760K, used 62341K [0x00000000e1400000, 0x0000000100000000)
  region size 1024K, 44 young (45056K), 3 survivors (3072K)
 Metaspace       used 35993K, capacity 36941K, committed 37036K, reserved 1081344K
  class space    used 4477K, capacity 4854K, committed 4864K, reserved 1048576K
}
Event: 4.583 GC heap after
{Heap after GC invocations=18 (full 0):
 garbage-first heap   total 117760K, used 22686K [0x00000000e1400000, 0x0000000100000000)
  region size 1024K, 6 young (6144K), 6 survivors (6144K)
 Metaspace       used 35993K, capacity 36941K, committed 37036K, reserved 1081344K
  class space    used 4477K, capacity 4854K, committed 4864K, reserved 1048576K
}
Event: 5.189 GC heap before
{Heap before GC invocations=18 (full 0):
 garbage-first heap   total 117760K, used 68766K [0x00000000e1400000, 0x0000000100000000)
  region size 1024K, 51 young (52224K), 6 survivors (6144K)
 Metaspace       used 38410K, capacity 39457K, committed 39724K, reserved 1083392K
  class space    used 4739K, capacity 5159K, committed 5248K, reserved 1048576K
}
Event: 5.260 GC heap after
{Heap after GC invocations=19 (full 0):
 garbage-first heap   total 117760K, used 24494K [0x00000000e1400000, 0x0000000100000000)
  region size 1024K, 6 young (6144K), 6 survivors (6144K)
 Metaspace       used 38410K, capacity 39457K, committed 39724K, reserved 1083392K
  class space    used 4739K, capacity 5159K, committed 5248K, reserved 1048576K
}
Event: 6.456 GC heap before
{Heap before GC invocations=19 (full 0):
 garbage-first heap   total 117760K, used 79790K [0x00000000e1400000, 0x0000000100000000)
  region size 1024K, 61 young (62464K), 6 survivors (6144K)
 Metaspace       used 40331K, capacity 41507K, committed 41772K, reserved 1085440K
  class space    used 5026K, capacity 5467K, committed 5504K, reserved 1048576K
}
Event: 6.525 GC heap after
{Heap after GC invocations=20 (full 0):
 garbage-first heap   total 117760K, used 27295K [0x00000000e1400000, 0x0000000100000000)
  region size 1024K, 5 young (5120K), 5 survivors (5120K)
 Metaspace       used 40331K, capacity 41507K, committed 41772K, reserved 1085440K
  class space    used 5026K, capacity 5467K, committed 5504K, reserved 1048576K
}
Event: 8.436 GC heap before
{Heap before GC invocations=20 (full 0):
 garbage-first heap   total 117760K, used 83615K [0x00000000e1400000, 0x0000000100000000)
  region size 1024K, 60 young (61440K), 5 survivors (5120K)
 Metaspace       used 41742K, capacity 42991K, committed 43052K, reserved 1087488K
  class space    used 5224K, capacity 5723K, committed 5760K, reserved 1048576K
}

Deoptimization events (0 events):
No events

Classes redefined (0 events):
No events

Internal exceptions (10 events):
Event: 8.423 Thread 0x00007fea88199000 Exception <a 'java/lang/ClassNotFoundException'{0x00000000e51d7f78}: org/springframework/boot/autoconfigure/web/servlet/WebMvcAutoConfiguration$$EnhancerBySpringCGLIB$$c279cb0Customizer> (0x00000000e51d7f78) thrown at [/opt/mach5/mesos/work_dir/slaves/fcf
Event: 8.424 Thread 0x00007fea88199000 Exception <a 'java/lang/ClassNotFoundException'{0x00000000e51f60c0}: org/springframework/context/annotation/ConfigurationClassEnhancer$EnhancedConfigurationCustomizer> (0x00000000e51f60c0) thrown at [/opt/mach5/mesos/work_dir/slaves/fcf4c0c4-d73e-4321-860
Event: 8.431 Thread 0x00007fea88199000 Exception <a 'java/lang/ClassNotFoundException'{0x00000000e5060620}: java/lang/ObjectCustomizer> (0x00000000e5060620) thrown at [/opt/mach5/mesos/work_dir/slaves/fcf4c0c4-d73e-4321-860c-6613427db92b-S2191/frameworks/1735e8a2-a1db-478c-8104-60c8b0af87dd-01
Event: 8.431 Thread 0x00007fea88199000 Exception <a 'java/lang/ClassNotFoundException'{0x00000000e50754a8}: org/springframework/web/filter/GenericFilterBeanCustomizer> (0x00000000e50754a8) thrown at [/opt/mach5/mesos/work_dir/slaves/fcf4c0c4-d73e-4321-860c-6613427db92b-S2191/frameworks/1735e8a
Event: 8.432 Thread 0x00007fea88199000 Exception <a 'java/lang/ClassNotFoundException'{0x00000000e508c740}: org/springframework/web/filter/OncePerRequestFilterCustomizer> (0x00000000e508c740) thrown at [/opt/mach5/mesos/work_dir/slaves/fcf4c0c4-d73e-4321-860c-6613427db92b-S2191/frameworks/1735
Event: 8.432 Thread 0x00007fea88199000 Exception <a 'java/lang/ClassNotFoundException'{0x00000000e50a0b70}: org/springframework/web/filter/HiddenHttpMethodFilterCustomizer> (0x00000000e50a0b70) thrown at [/opt/mach5/mesos/work_dir/slaves/fcf4c0c4-d73e-4321-860c-6613427db92b-S2191/frameworks/17
Event: 8.433 Thread 0x00007fea88199000 Exception <a 'java/lang/ClassNotFoundException'{0x00000000e50b95f8}: org/springframework/boot/web/servlet/filter/OrderedHiddenHttpMethodFilterCustomizer> (0x00000000e50b95f8) thrown at [/opt/mach5/mesos/work_dir/slaves/fcf4c0c4-d73e-4321-860c-6613427db92b
Event: 8.433 Thread 0x00007fea88199000 Exception <a 'java/lang/ClassNotFoundException'{0x00000000e50d09b0}: org/springframework/core/OrderedCustomizer> (0x00000000e50d09b0) thrown at [/opt/mach5/mesos/work_dir/slaves/fcf4c0c4-d73e-4321-860c-6613427db92b-S2191/frameworks/1735e8a2-a1db-478c-8104
Event: 8.434 Thread 0x00007fea88199000 Exception <a 'java/lang/ClassNotFoundException'{0x00000000e50dee38}: javax/servlet/FilterCustomizer> (0x00000000e50dee38) thrown at [/opt/mach5/mesos/work_dir/slaves/fcf4c0c4-d73e-4321-860c-6613427db92b-S2191/frameworks/1735e8a2-a1db-478c-8104-60c8b0af87d
Event: 8.434 Thread 0x00007fea88199000 Exception <a 'java/lang/ClassNotFoundException'{0x00000000e50f1748}: org/springframework/beans/factory/BeanNameAwareCustomizer> (0x00000000e50f1748) thrown at [/opt/mach5/mesos/work_dir/slaves/fcf4c0c4-d73e-4321-860c-6613427db92b-S2191/frameworks/1735e8a2

Events (10 events):
Event: 8.434 Thread 0x00007fea88199000 DEOPT UNPACKING pc=0x00007feae4c40d3a sp=0x00007feaa599fc78 mode 1
Event: 8.434 Thread 0x00007fea88199000 DEOPT PACKING pc=0x00007feae5482f1c sp=0x00007feaa59a0890
Event: 8.434 Thread 0x00007fea88199000 DEOPT UNPACKING pc=0x00007feae4c40d3a sp=0x00007feaa599fd68 mode 1
Event: 8.434 Thread 0x00007fea88199000 DEOPT PACKING pc=0x00007feae5475bf4 sp=0x00007feaa59a10b0
Event: 8.434 Thread 0x00007fea88199000 DEOPT UNPACKING pc=0x00007feae4c40d3a sp=0x00007feaa59a05a8 mode 1
Event: 8.434 Thread 0x00007fea88199000 DEOPT PACKING pc=0x00007feae59b03cc sp=0x00007feaa59a1150
Event: 8.434 Thread 0x00007fea88199000 DEOPT UNPACKING pc=0x00007feae4c40d3a sp=0x00007feaa59a0700 mode 1
Event: 8.434 loading class org/springframework/context/EnvironmentAwareCustomizer
Event: 8.434 loading class org/springframework/context/EnvironmentAwareCustomizer done
Event: 8.435 Executing VM operation: G1CollectForAllocation


Dynamic libraries:
00400000-00401000 r-xp 00000000 08:01 3159181                            /usr/local/java/jdk-11.0.5/bin/java
00600000-00601000 r--p 00000000 08:01 3159181                            /usr/local/java/jdk-11.0.5/bin/java
00601000-00602000 rw-p 00001000 08:01 3159181                            /usr/local/java/jdk-11.0.5/bin/java
019b9000-019da000 rw-p 00000000 00:00 0                                  [heap]
e1400000-e8700000 rw-p 00000000 00:00 0 
ec800000-100000000 ---p 00000000 00:00 0 
100000000-1005a0000 rw-p 00000000 00:00 0 
1005a0000-140000000 ---p 00000000 00:00 0 
7fea63dbc000-7fea64000000 rw-p 00000000 00:00 0 
7fea64000000-7fea64021000 rw-p 00000000 00:00 0 
7fea64021000-7fea68000000 ---p 00000000 00:00 0 
7fea68000000-7fea68021000 rw-p 00000000 00:00 0 
7fea68021000-7fea6c000000 ---p 00000000 00:00 0 
7fea6c000000-7fea6c021000 rw-p 00000000 00:00 0 
7fea6c021000-7fea70000000 ---p 00000000 00:00 0 
7fea70000000-7fea70138000 rw-p 00000000 00:00 0 
7fea70138000-7fea74000000 ---p 00000000 00:00 0 
7fea74000000-7fea7404b000 rw-p 00000000 00:00 0 
7fea7404b000-7fea78000000 ---p 00000000 00:00 0 
7fea78000000-7fea78021000 rw-p 00000000 00:00 0 
7fea78021000-7fea7c000000 ---p 00000000 00:00 0 
7fea7c000000-7fea7c021000 rw-p 00000000 00:00 0 
7fea7c021000-7fea80000000 ---p 00000000 00:00 0 
7fea80000000-7fea80021000 rw-p 00000000 00:00 0 
7fea80021000-7fea84000000 ---p 00000000 00:00 0 
7fea84000000-7fea8402e000 rw-p 00000000 00:00 0 
7fea8402e000-7fea88000000 ---p 00000000 00:00 0 
7fea88000000-7fea883bc000 rw-p 00000000 00:00 0 
7fea883bc000-7fea8c000000 ---p 00000000 00:00 0 
7fea8c000000-7fea8c021000 rw-p 00000000 00:00 0 
7fea8c021000-7fea90000000 ---p 00000000 00:00 0 
7fea90000000-7fea90021000 rw-p 00000000 00:00 0 
7fea90021000-7fea94000000 ---p 00000000 00:00 0 
7fea94000000-7fea94021000 rw-p 00000000 00:00 0 
7fea94021000-7fea98000000 ---p 00000000 00:00 0 
7fea98000000-7fea98021000 rw-p 00000000 00:00 0 
7fea98021000-7fea9c000000 ---p 00000000 00:00 0 
7fea9c000000-7fea9c02d000 rw-p 00000000 00:00 0 
7fea9c02d000-7feaa0000000 ---p 00000000 00:00 0 
7feaa0000000-7feaa0021000 rw-p 00000000 00:00 0 
7feaa0021000-7feaa4000000 ---p 00000000 00:00 0 
7feaa4161000-7feaa429f000 rw-p 00000000 00:00 0 
7feaa429f000-7feaa42a3000 ---p 00000000 00:00 0 
7feaa42a3000-7feaa4420000 rw-p 00000000 00:00 0 
7feaa4420000-7feaa45a0000 ---p 00000000 00:00 0 
7feaa45a0000-7feaa45a4000 ---p 00000000 00:00 0 
7feaa45a4000-7feaa46a1000 rw-p 00000000 00:00 0 
7feaa46a1000-7feaa46a5000 ---p 00000000 00:00 0 
7feaa46a5000-7feaa47a2000 rw-p 00000000 00:00 0 
7feaa47a2000-7feaa47a6000 ---p 00000000 00:00 0 
7feaa47a6000-7feaa4aa3000 rw-p 00000000 00:00 0 
7feaa4aa3000-7feaa4ca3000 rw-p 00000000 00:00 0 
7feaa4ca3000-7feaa4e8e000 rw-p 00000000 00:00 0 
7feaa4e8e000-7feaa4ea3000 ---p 00000000 00:00 0 
7feaa4ea3000-7feaa50a3000 rw-p 00000000 00:00 0 
7feaa50a3000-7feaa52a3000 rw-p 00000000 00:00 0 
7feaa52a3000-7feaa54a3000 rw-p 00000000 00:00 0 
7feaa54a3000-7feaa56a3000 rw-p 00000000 00:00 0 
7feaa56a3000-7feaa58a3000 rw-p 00000000 00:00 0 
7feaa58a3000-7feaa58a7000 ---p 00000000 00:00 0 
7feaa58a7000-7feaa5ba4000 rw-p 00000000 00:00 0 
7feaa5ba4000-7feaa5bbb000 r-xp 00000000 08:01 529713                     /lib/x86_64-linux-gnu/libresolv-2.27.so
7feaa5bbb000-7feaa5dbb000 ---p 00017000 08:01 529713                     /lib/x86_64-linux-gnu/libresolv-2.27.so
7feaa5dbb000-7feaa5dbc000 r--p 00017000 08:01 529713                     /lib/x86_64-linux-gnu/libresolv-2.27.so
7feaa5dbc000-7feaa5dbd000 rw-p 00018000 08:01 529713                     /lib/x86_64-linux-gnu/libresolv-2.27.so
7feaa5dbd000-7feaa5dbf000 rw-p 00000000 00:00 0 
7feaa5dbf000-7feaa5dc4000 r-xp 00000000 08:01 529662                     /lib/x86_64-linux-gnu/libnss_dns-2.27.so
7feaa5dc4000-7feaa5fc4000 ---p 00005000 08:01 529662                     /lib/x86_64-linux-gnu/libnss_dns-2.27.so
7feaa5fc4000-7feaa5fc5000 r--p 00005000 08:01 529662                     /lib/x86_64-linux-gnu/libnss_dns-2.27.so
7feaa5fc5000-7feaa5fc6000 rw-p 00006000 08:01 529662                     /lib/x86_64-linux-gnu/libnss_dns-2.27.so
7feaa5fc6000-7feaa5fc8000 r-xp 00000000 08:01 529670                     /lib/x86_64-linux-gnu/libnss_mdns4_minimal.so.2
7feaa5fc8000-7feaa61c7000 ---p 00002000 08:01 529670                     /lib/x86_64-linux-gnu/libnss_mdns4_minimal.so.2
7feaa61c7000-7feaa61c8000 r--p 00001000 08:01 529670                     /lib/x86_64-linux-gnu/libnss_mdns4_minimal.so.2
7feaa61c8000-7feaa61c9000 rw-p 00002000 08:01 529670                     /lib/x86_64-linux-gnu/libnss_mdns4_minimal.so.2
7feaa61c9000-7feaa63c9000 rw-p 00000000 00:00 0 
7feaa63c9000-7feaa63cd000 ---p 00000000 00:00 0 
7feaa63cd000-7feaa64ca000 rw-p 00000000 00:00 0 
7feaa64ca000-7feaa64ce000 ---p 00000000 00:00 0 
7feaa64ce000-7feaa67cb000 rw-p 00000000 00:00 0 
7feaa67cb000-7feaa67cf000 ---p 00000000 00:00 0 
7feaa67cf000-7feaa68cc000 rw-p 00000000 00:00 0 
7feaa68cc000-7feaa68cd000 ---p 00000000 00:00 0 
7feaa68cd000-7feaa69ce000 rw-p 00000000 00:00 0 
7feaa69ce000-7feaa69cf000 ---p 00000000 00:00 0 
7feaa69cf000-7feaa6ad0000 rw-p 00000000 00:00 0 
7feaa6ad0000-7feaa6ad4000 ---p 00000000 00:00 0 
7feaa6ad4000-7feaa6bd1000 rw-p 00000000 00:00 0 
7feaa6bd1000-7feaa6bd5000 ---p 00000000 00:00 0 
7feaa6bd5000-7feaa6ed2000 rw-p 00000000 00:00 0 
7feaa6ed2000-7feaa6ed3000 ---p 00000000 00:00 0 
7feaa6ed3000-7feaa71d4000 rw-p 00000000 00:00 0 
7feaa71d4000-7feaa71d8000 ---p 00000000 00:00 0 
7feaa71d8000-7feaa72d5000 rw-p 00000000 00:00 0 
7feaa72d5000-7feaa72d7000 r-xp 00000000 08:01 1060712                    /usr/local/java/jdk-11.0.5/lib/libextnet.so
7feaa72d7000-7feaa74d6000 ---p 00002000 08:01 1060712                    /usr/local/java/jdk-11.0.5/lib/libextnet.so
7feaa74d6000-7feaa74d7000 r--p 00001000 08:01 1060712                    /usr/local/java/jdk-11.0.5/lib/libextnet.so
7feaa74d7000-7feaa74d8000 rw-p 00002000 08:01 1060712                    /usr/local/java/jdk-11.0.5/lib/libextnet.so
7feaa74d8000-7feaa74d9000 ---p 00000000 00:00 0 
7feaa74d9000-7feaa75da000 rw-p 00000000 00:00 0 
7feaa75da000-7feaa75db000 ---p 00000000 00:00 0 
7feaa75db000-7feaa78dc000 rw-p 00000000 00:00 0 
7feaa78dc000-7feaa78e1000 r-xp 00000000 08:01 1060729                    /usr/local/java/jdk-11.0.5/lib/libmanagement_ext.so
7feaa78e1000-7feaa7ae0000 ---p 00005000 08:01 1060729                    /usr/local/java/jdk-11.0.5/lib/libmanagement_ext.so
7feaa7ae0000-7feaa7ae1000 r--p 00004000 08:01 1060729                    /usr/local/java/jdk-11.0.5/lib/libmanagement_ext.so
7feaa7ae1000-7feaa7ae2000 rw-p 00005000 08:01 1060729                    /usr/local/java/jdk-11.0.5/lib/libmanagement_ext.so
7feaa7ae2000-7feaa7ae6000 r-xp 00000000 08:01 1060727                    /usr/local/java/jdk-11.0.5/lib/libmanagement.so
7feaa7ae6000-7feaa7ce5000 ---p 00004000 08:01 1060727                    /usr/local/java/jdk-11.0.5/lib/libmanagement.so
7feaa7ce5000-7feaa7ce6000 r--p 00003000 08:01 1060727                    /usr/local/java/jdk-11.0.5/lib/libmanagement.so
7feaa7ce6000-7feaa7ce7000 rw-p 00004000 08:01 1060727                    /usr/local/java/jdk-11.0.5/lib/libmanagement.so
7feaa7ce7000-7feaa7ceb000 ---p 00000000 00:00 0 
7feaa7ceb000-7feaa7de8000 rw-p 00000000 00:00 0 
7feaa7de8000-7feaa7dff000 r-xp 00000000 08:01 1060731                    /usr/local/java/jdk-11.0.5/lib/libnet.so
7feaa7dff000-7feaa7ffe000 ---p 00017000 08:01 1060731                    /usr/local/java/jdk-11.0.5/lib/libnet.so
7feaa7ffe000-7feaa7fff000 r--p 00016000 08:01 1060731                    /usr/local/java/jdk-11.0.5/lib/libnet.so
7feaa7fff000-7feaa8000000 rw-p 00017000 08:01 1060731                    /usr/local/java/jdk-11.0.5/lib/libnet.so
7feaa8000000-7feaa8030000 rw-p 00000000 00:00 0 
7feaa8030000-7feaac000000 ---p 00000000 00:00 0 
7feaac000000-7feaac09d000 rw-p 00000000 00:00 0 
7feaac09d000-7feab0000000 ---p 00000000 00:00 0 
7feab0000000-7feab0021000 rw-p 00000000 00:00 0 
7feab0021000-7feab4000000 ---p 00000000 00:00 0 
7feab4000000-7feab4021000 rw-p 00000000 00:00 0 
7feab4021000-7feab8000000 ---p 00000000 00:00 0 
7feab8000000-7feab8021000 rw-p 00000000 00:00 0 
7feab8021000-7feabc000000 ---p 00000000 00:00 0 
7feabc000000-7feabc7d0000 rw-p 00000000 00:00 0 
7feabc7d0000-7feac0000000 ---p 00000000 00:00 0 
7feac0000000-7feac0021000 rw-p 00000000 00:00 0 
7feac0021000-7feac4000000 ---p 00000000 00:00 0 
7feac4000000-7feac4021000 rw-p 00000000 00:00 0 
7feac4021000-7feac8000000 ---p 00000000 00:00 0 
7feac8000000-7feac8021000 rw-p 00000000 00:00 0 
7feac8021000-7feacc000000 ---p 00000000 00:00 0 
7feacc000000-7feacc080000 rw-p 00000000 00:00 0 
7feacc080000-7fead0000000 ---p 00000000 00:00 0 
7fead0000000-7fead0021000 rw-p 00000000 00:00 0 
7fead0021000-7fead4000000 ---p 00000000 00:00 0 
7fead400f000-7fead401f000 r-xp 00000000 08:01 1060732                    /usr/local/java/jdk-11.0.5/lib/libnio.so
7fead401f000-7fead421e000 ---p 00010000 08:01 1060732                    /usr/local/java/jdk-11.0.5/lib/libnio.so
7fead421e000-7fead421f000 r--p 0000f000 08:01 1060732                    /usr/local/java/jdk-11.0.5/lib/libnio.so
7fead421f000-7fead4220000 rw-p 00010000 08:01 1060732                    /usr/local/java/jdk-11.0.5/lib/libnio.so
7fead4220000-7fead4224000 ---p 00000000 00:00 0 
7fead4224000-7fead4321000 rw-p 00000000 00:00 0 
7fead4321000-7fead4325000 ---p 00000000 00:00 0 
7fead4325000-7fead4422000 rw-p 00000000 00:00 0 
7fead4422000-7fead4426000 ---p 00000000 00:00 0 
7fead4426000-7fead4523000 rw-p 00000000 00:00 0 
7fead4523000-7fead4527000 r-xp 00000000 08:01 1060711                    /usr/local/java/jdk-11.0.5/lib/libdt_socket.so
7fead4527000-7fead4727000 ---p 00004000 08:01 1060711                    /usr/local/java/jdk-11.0.5/lib/libdt_socket.so
7fead4727000-7fead4728000 r--p 00004000 08:01 1060711                    /usr/local/java/jdk-11.0.5/lib/libdt_socket.so
7fead4728000-7fead4729000 rw-p 00005000 08:01 1060711                    /usr/local/java/jdk-11.0.5/lib/libdt_socket.so
7fead4729000-7fead472d000 ---p 00000000 00:00 0 
7fead472d000-7fead482a000 rw-p 00000000 00:00 0 
7fead482a000-7fead482e000 ---p 00000000 00:00 0 
7fead482e000-7fead492b000 rw-p 00000000 00:00 0 
7fead492b000-7fead492f000 ---p 00000000 00:00 0 
7fead492f000-7fead4a2c000 rw-p 00000000 00:00 0 
7fead4a2c000-7fead4a30000 ---p 00000000 00:00 0 
7fead4a30000-7fead4b2d000 rw-p 00000000 00:00 0 
7fead4b2d000-7fead54fc000 r--p 00000000 08:01 3152608                    /usr/lib/locale/locale-archive
7fead54fc000-7fead5500000 ---p 00000000 00:00 0 
7fead5500000-7fead55fd000 rw-p 00000000 00:00 0 
7fead55fd000-7fead5601000 ---p 00000000 00:00 0 
7fead5601000-7fead56fe000 rw-p 00000000 00:00 0 
7fead56fe000-7fead56ff000 ---p 00000000 00:00 0 
7fead56ff000-7fead8000000 rw-p 00000000 00:00 0 
7fead8000000-7fead8021000 rw-p 00000000 00:00 0 
7fead8021000-7feadc000000 ---p 00000000 00:00 0 
7feadc000000-7feadc021000 rw-p 00000000 00:00 0 
7feadc021000-7feae0000000 ---p 00000000 00:00 0 
7feae0000000-7feae0021000 rw-p 00000000 00:00 0 
7feae0021000-7feae4000000 ---p 00000000 00:00 0 
7feae40d2000-7feae4153000 rw-p 00000000 00:00 0 
7feae4153000-7feae4154000 ---p 00000000 00:00 0 
7feae4154000-7feae4255000 rw-p 00000000 00:00 0 
7feae4255000-7feae4256000 ---p 00000000 00:00 0 
7feae4256000-7feae4624000 rw-p 00000000 00:00 0 
7feae4624000-7feae4c08000 ---p 00000000 00:00 0 
7feae4c08000-7feae4e78000 rwxp 00000000 00:00 0 
7feae4e78000-7feae52af000 ---p 00000000 00:00 0 
7feae52af000-7feae5b3f000 rwxp 00000000 00:00 0 
7feae5b3f000-7feaf3c08000 ---p 00000000 00:00 0 
7feaf3c08000-7feafc000000 r--s 00000000 08:01 1060742                    /usr/local/java/jdk-11.0.5/lib/modules
7feafc000000-7feafd2e4000 rw-p 00000000 00:00 0 
7feafd2e4000-7feb00000000 ---p 00000000 00:00 0 
7feb0005e000-7feb00361000 rw-p 00000000 00:00 0 
7feb00361000-7feb00362000 ---p 00000000 00:00 0 
7feb00362000-7feb00463000 rw-p 00000000 00:00 0 
7feb00463000-7feb00464000 ---p 00000000 00:00 0 
7feb00464000-7feb00731000 rw-p 00000000 00:00 0 
7feb00731000-7feb00d15000 ---p 00000000 00:00 0 
7feb00d15000-7feb00d4f000 rw-p 00000000 00:00 0 
7feb00d4f000-7feb00e0b000 ---p 00000000 00:00 0 
7feb00e0b000-7feb00e45000 rw-p 00000000 00:00 0 
7feb00e45000-7feb00f01000 ---p 00000000 00:00 0 
7feb00f01000-7feb00f3b000 rw-p 00000000 00:00 0 
7feb00f3b000-7feb00ff7000 ---p 00000000 00:00 0 
7feb00ff7000-7feb013fb000 rw-p 00000000 00:00 0 
7feb013fb000-7feb013fc000 ---p 00000000 00:00 0 
7feb013fc000-7feb0150f000 rw-p 00000000 00:00 0 
7feb0150f000-7feb016d0000 ---p 00000000 00:00 0 
7feb016d0000-7feb016eb000 r-xp 00000000 08:01 1060723                    /usr/local/java/jdk-11.0.5/lib/libjimage.so
7feb016eb000-7feb018ea000 ---p 0001b000 08:01 1060723                    /usr/local/java/jdk-11.0.5/lib/libjimage.so
7feb018ea000-7feb018ec000 r--p 0001a000 08:01 1060723                    /usr/local/java/jdk-11.0.5/lib/libjimage.so
7feb018ec000-7feb018ed000 rw-p 0001c000 08:01 1060723                    /usr/local/java/jdk-11.0.5/lib/libjimage.so
7feb018ed000-7feb018f4000 r-xp 00000000 08:01 1060741                    /usr/local/java/jdk-11.0.5/lib/libzip.so
7feb018f4000-7feb01af3000 ---p 00007000 08:01 1060741                    /usr/local/java/jdk-11.0.5/lib/libzip.so
7feb01af3000-7feb01af4000 r--p 00006000 08:01 1060741                    /usr/local/java/jdk-11.0.5/lib/libzip.so
7feb01af4000-7feb01af5000 rw-p 00007000 08:01 1060741                    /usr/local/java/jdk-11.0.5/lib/libzip.so
7feb01af5000-7feb01b00000 r-xp 00000000 08:01 529664                     /lib/x86_64-linux-gnu/libnss_files-2.27.so
7feb01b00000-7feb01cff000 ---p 0000b000 08:01 529664                     /lib/x86_64-linux-gnu/libnss_files-2.27.so
7feb01cff000-7feb01d00000 r--p 0000a000 08:01 529664                     /lib/x86_64-linux-gnu/libnss_files-2.27.so
7feb01d00000-7feb01d01000 rw-p 0000b000 08:01 529664                     /lib/x86_64-linux-gnu/libnss_files-2.27.so
7feb01d01000-7feb01d07000 rw-p 00000000 00:00 0 
7feb01d07000-7feb01d1e000 r-xp 00000000 08:01 529658                     /lib/x86_64-linux-gnu/libnsl-2.27.so
7feb01d1e000-7feb01f1d000 ---p 00017000 08:01 529658                     /lib/x86_64-linux-gnu/libnsl-2.27.so
7feb01f1d000-7feb01f1e000 r--p 00016000 08:01 529658                     /lib/x86_64-linux-gnu/libnsl-2.27.so
7feb01f1e000-7feb01f1f000 rw-p 00017000 08:01 529658                     /lib/x86_64-linux-gnu/libnsl-2.27.so
7feb01f1f000-7feb01f21000 rw-p 00000000 00:00 0 
7feb01f21000-7feb01f2c000 r-xp 00000000 08:01 529675                     /lib/x86_64-linux-gnu/libnss_nis-2.27.so
7feb01f2c000-7feb0212b000 ---p 0000b000 08:01 529675                     /lib/x86_64-linux-gnu/libnss_nis-2.27.so
7feb0212b000-7feb0212c000 r--p 0000a000 08:01 529675                     /lib/x86_64-linux-gnu/libnss_nis-2.27.so
7feb0212c000-7feb0212d000 rw-p 0000b000 08:01 529675                     /lib/x86_64-linux-gnu/libnss_nis-2.27.so
7feb0212d000-7feb02135000 r-xp 00000000 08:01 529660                     /lib/x86_64-linux-gnu/libnss_compat-2.27.so
7feb02135000-7feb02335000 ---p 00008000 08:01 529660                     /lib/x86_64-linux-gnu/libnss_compat-2.27.so
7feb02335000-7feb02336000 r--p 00008000 08:01 529660                     /lib/x86_64-linux-gnu/libnss_compat-2.27.so
7feb02336000-7feb02337000 rw-p 00009000 08:01 529660                     /lib/x86_64-linux-gnu/libnss_compat-2.27.so
7feb02337000-7feb02341000 r-xp 00000000 08:01 1060714                    /usr/local/java/jdk-11.0.5/lib/libinstrument.so
7feb02341000-7feb02540000 ---p 0000a000 08:01 1060714                    /usr/local/java/jdk-11.0.5/lib/libinstrument.so
7feb02540000-7feb02541000 r--p 00009000 08:01 1060714                    /usr/local/java/jdk-11.0.5/lib/libinstrument.so
7feb02541000-7feb02542000 rw-p 0000a000 08:01 1060714                    /usr/local/java/jdk-11.0.5/lib/libinstrument.so
7feb02542000-7feb0257d000 r-xp 00000000 08:01 1060722                    /usr/local/java/jdk-11.0.5/lib/libjdwp.so
7feb0257d000-7feb0277c000 ---p 0003b000 08:01 1060722                    /usr/local/java/jdk-11.0.5/lib/libjdwp.so
7feb0277c000-7feb0277d000 r--p 0003a000 08:01 1060722                    /usr/local/java/jdk-11.0.5/lib/libjdwp.so
7feb0277d000-7feb0277e000 rw-p 0003b000 08:01 1060722                    /usr/local/java/jdk-11.0.5/lib/libjdwp.so
7feb0277e000-7feb027a7000 r-xp 00000000 08:01 1060719                    /usr/local/java/jdk-11.0.5/lib/libjava.so
7feb027a7000-7feb029a6000 ---p 00029000 08:01 1060719                    /usr/local/java/jdk-11.0.5/lib/libjava.so
7feb029a6000-7feb029a7000 r--p 00028000 08:01 1060719                    /usr/local/java/jdk-11.0.5/lib/libjava.so
7feb029a7000-7feb029a9000 rw-p 00029000 08:01 1060719                    /usr/local/java/jdk-11.0.5/lib/libjava.so
7feb029a9000-7feb029b6000 r-xp 00000000 08:01 1060740                    /usr/local/java/jdk-11.0.5/lib/libverify.so
7feb029b6000-7feb02bb5000 ---p 0000d000 08:01 1060740                    /usr/local/java/jdk-11.0.5/lib/libverify.so
7feb02bb5000-7feb02bb7000 r--p 0000c000 08:01 1060740                    /usr/local/java/jdk-11.0.5/lib/libverify.so
7feb02bb7000-7feb02bb8000 rw-p 0000e000 08:01 1060740                    /usr/local/java/jdk-11.0.5/lib/libverify.so
7feb02bb8000-7feb02bbf000 r-xp 00000000 08:01 529715                     /lib/x86_64-linux-gnu/librt-2.27.so
7feb02bbf000-7feb02dbe000 ---p 00007000 08:01 529715                     /lib/x86_64-linux-gnu/librt-2.27.so
7feb02dbe000-7feb02dbf000 r--p 00006000 08:01 529715                     /lib/x86_64-linux-gnu/librt-2.27.so
7feb02dbf000-7feb02dc0000 rw-p 00007000 08:01 529715                     /lib/x86_64-linux-gnu/librt-2.27.so
7feb02dc0000-7feb02f5d000 r-xp 00000000 08:01 529637                     /lib/x86_64-linux-gnu/libm-2.27.so
7feb02f5d000-7feb0315c000 ---p 0019d000 08:01 529637                     /lib/x86_64-linux-gnu/libm-2.27.so
7feb0315c000-7feb0315d000 r--p 0019c000 08:01 529637                     /lib/x86_64-linux-gnu/libm-2.27.so
7feb0315d000-7feb0315e000 rw-p 0019d000 08:01 529637                     /lib/x86_64-linux-gnu/libm-2.27.so
7feb0315e000-7feb0429f000 r-xp 00000000 08:01 1060753                    /usr/local/java/jdk-11.0.5/lib/server/libjvm.so
7feb0429f000-7feb0449f000 ---p 01141000 08:01 1060753                    /usr/local/java/jdk-11.0.5/lib/server/libjvm.so
7feb0449f000-7feb0455e000 r--p 01141000 08:01 1060753                    /usr/local/java/jdk-11.0.5/lib/server/libjvm.so
7feb0455e000-7feb04597000 rw-p 01200000 08:01 1060753                    /usr/local/java/jdk-11.0.5/lib/server/libjvm.so
7feb04597000-7feb045ee000 rw-p 00000000 00:00 0 
7feb045ee000-7feb047d5000 r-xp 00000000 08:01 529574                     /lib/x86_64-linux-gnu/libc-2.27.so
7feb047d5000-7feb049d5000 ---p 001e7000 08:01 529574                     /lib/x86_64-linux-gnu/libc-2.27.so
7feb049d5000-7feb049d9000 r--p 001e7000 08:01 529574                     /lib/x86_64-linux-gnu/libc-2.27.so
7feb049d9000-7feb049db000 rw-p 001eb000 08:01 529574                     /lib/x86_64-linux-gnu/libc-2.27.so
7feb049db000-7feb049df000 rw-p 00000000 00:00 0 
7feb049df000-7feb049e2000 r-xp 00000000 08:01 529597                     /lib/x86_64-linux-gnu/libdl-2.27.so
7feb049e2000-7feb04be1000 ---p 00003000 08:01 529597                     /lib/x86_64-linux-gnu/libdl-2.27.so
7feb04be1000-7feb04be2000 r--p 00002000 08:01 529597                     /lib/x86_64-linux-gnu/libdl-2.27.so
7feb04be2000-7feb04be3000 rw-p 00003000 08:01 529597                     /lib/x86_64-linux-gnu/libdl-2.27.so
7feb04be3000-7feb04bf3000 r-xp 00000000 08:01 1060704                    /usr/local/java/jdk-11.0.5/lib/jli/libjli.so
7feb04bf3000-7feb04df2000 ---p 00010000 08:01 1060704                    /usr/local/java/jdk-11.0.5/lib/jli/libjli.so
7feb04df2000-7feb04df3000 r--p 0000f000 08:01 1060704                    /usr/local/java/jdk-11.0.5/lib/jli/libjli.so
7feb04df3000-7feb04df4000 rw-p 00010000 08:01 1060704                    /usr/local/java/jdk-11.0.5/lib/jli/libjli.so
7feb04df4000-7feb04e0e000 r-xp 00000000 08:01 529707                     /lib/x86_64-linux-gnu/libpthread-2.27.so
7feb04e0e000-7feb0500d000 ---p 0001a000 08:01 529707                     /lib/x86_64-linux-gnu/libpthread-2.27.so
7feb0500d000-7feb0500e000 r--p 00019000 08:01 529707                     /lib/x86_64-linux-gnu/libpthread-2.27.so
7feb0500e000-7feb0500f000 rw-p 0001a000 08:01 529707                     /lib/x86_64-linux-gnu/libpthread-2.27.so
7feb0500f000-7feb05013000 rw-p 00000000 00:00 0 
7feb05013000-7feb0502f000 r-xp 00000000 08:01 529746                     /lib/x86_64-linux-gnu/libz.so.1.2.11
7feb0502f000-7feb0522e000 ---p 0001c000 08:01 529746                     /lib/x86_64-linux-gnu/libz.so.1.2.11
7feb0522e000-7feb0522f000 r--p 0001b000 08:01 529746                     /lib/x86_64-linux-gnu/libz.so.1.2.11
7feb0522f000-7feb05230000 rw-p 0001c000 08:01 529746                     /lib/x86_64-linux-gnu/libz.so.1.2.11
7feb05230000-7feb05257000 r-xp 00000000 08:01 529546                     /lib/x86_64-linux-gnu/ld-2.27.so
7feb052a1000-7feb052c2000 r--p 00000000 08:01 659745                     /usr/share/locale-langpack/zh_CN/LC_MESSAGES/libc.mo
7feb052c2000-7feb05333000 rw-p 00000000 00:00 0 
7feb05333000-7feb0533c000 ---p 00000000 00:00 0 
7feb0533c000-7feb05340000 ---p 00000000 00:00 0 
7feb05340000-7feb05441000 rw-p 00000000 00:00 0 
7feb05444000-7feb05446000 r--s 00001000 08:01 1982189                    /tmp/debugger-agent-storage7672992421698197768jar
7feb05446000-7feb0544d000 r--s 00000000 08:01 263623                     /usr/lib/x86_64-linux-gnu/gconv/gconv-modules.cache
7feb0544d000-7feb05455000 rw-s 00000000 08:01 1982178                    /tmp/hsperfdata_lbt/4080
7feb05455000-7feb05456000 ---p 00000000 00:00 0 
7feb05456000-7feb05457000 r--p 00000000 00:00 0 
7feb05457000-7feb05458000 r--p 00027000 08:01 529546                     /lib/x86_64-linux-gnu/ld-2.27.so
7feb05458000-7feb05459000 rw-p 00028000 08:01 529546                     /lib/x86_64-linux-gnu/ld-2.27.so
7feb05459000-7feb0545a000 rw-p 00000000 00:00 0 
7ffe144bd000-7ffe144e1000 rw-p 00000000 00:00 0                          [stack]
7ffe1458b000-7ffe1458e000 r--p 00000000 00:00 0                          [vvar]
7ffe1458e000-7ffe1458f000 r-xp 00000000 00:00 0                          [vdso]
ffffffffff600000-ffffffffff601000 r-xp 00000000 00:00 0                  [vsyscall]


VM Arguments:
jvm_args: -agentlib:jdwp=transport=dt_socket,address=127.0.0.1:43811,suspend=y,server=n -XX:TieredStopAtLevel=1 -Xverify:none -Dspring.output.ansi.enabled=always -Dcom.sun.management.jmxremote -Dspring.liveBeansView.mbeanDomain -Dspring.application.admin.enabled=true -javaagent:/usr/local/idea-IU-183.5912.21/lib/rt/debugger-agent.jar -Dfile.encoding=UTF-8 
java_command: com.leyou.LyItemService
java_class_path (initial): /home/lbt/IdeaProjects/leyou/ly-item/ly-item-service/target/classes:/home/lbt/maven/repository/org/springframework/cloud/spring-cloud-starter-netflix-eureka-client/2.0.0.RC1/spring-cloud-starter-netflix-eureka-client-2.0.0.RC1.jar:/home/lbt/maven/repository/org/springframework/cloud/spring-cloud-starter/2.0.0.RC1/spring-cloud-starter-2.0.0.RC1.jar:/home/lbt/maven/repository/org/springframework/cloud/spring-cloud-context/2.0.0.RC1/spring-cloud-context-2.0.0.RC1.jar:/home/lbt/maven/repository/org/springframework/security/spring-security-crypto/5.0.4.RELEASE/spring-security-crypto-5.0.4.RELEASE.jar:/home/lbt/maven/repository/org/springframework/cloud/spring-cloud-commons/2.0.0.RC1/spring-cloud-commons-2.0.0.RC1.jar:/home/lbt/maven/repository/org/springframework/security/spring-security-rsa/1.0.5.RELEASE/spring-security-rsa-1.0.5.RELEASE.jar:/home/lbt/maven/repository/org/bouncycastle/bcpkix-jdk15on/1.56/bcpkix-jdk15on-1.56.jar:/home/lbt/maven/repository/org/bouncycastle/bcprov-jdk15on/1.56/bcprov-jdk15on-1.56.jar:/home/lbt/maven/repository/org/springframework/cloud/spring-cloud-netflix-core/2.0.0.RC1/spring-cloud-netflix-core-2.0.0.RC1.jar:/home/lbt/maven/repository/org/springframework/boot/spring-boot-autoconfigure/2.0.1.RELEASE/spring-boot-autoconfigure-2.0.1.RELEASE.jar:/home/lbt/maven/repository/org/springframework/boot/spring-boot-starter-aop/2.0.1.RELEASE/spring-boot-starter-aop-2.0.1.RELEASE.jar:/home/lbt/maven/repository/org/aspectj/aspectjweaver/1.8.13/aspectjweaver-1.8.13.jar:/home/lbt/maven/repository/org/springframework/cloud/spring-cloud-netflix-eureka-client/2.0.0.RC1/spring-cloud-netflix-eureka-client-2.0.0.RC1.jar:/home/lbt/maven/repository/com/netflix/eureka/eureka-client/1.8.8/eureka-client-1.8.8.jar:/home/lbt/maven/repository/org/codehaus/jettison/jettison/1.3.7/jettison-1.3.7.jar:/home/lbt/maven/repository/stax/stax-api/1.0.1/stax-api-1.0.1.jar:/home/lbt/maven/repository/com/netflix/netflix-commons/netflix-eventbus/0.3.0
Launcher Type: SUN_STANDARD

[Global flags]
     bool BytecodeVerificationLocal                = false                                     {product} {command line}
     bool BytecodeVerificationRemote               = false                                     {product} {command line}
     intx CICompilerCount                          = 3                                         {product} {ergonomic}
     uint ConcGCThreads                            = 1                                         {product} {ergonomic}
     uint G1ConcRefinementThreads                  = 4                                         {product} {ergonomic}
   size_t G1HeapRegionSize                         = 1048576                                   {product} {ergonomic}
    uintx GCDrainStackTargetSize                   = 64                                        {product} {ergonomic}
   size_t InitialHeapSize                          = 33554432                                  {product} {ergonomic}
     bool ManagementServer                         = true                                      {product} {command line}
   size_t MarkStackSize                            = 4194304                                   {product} {ergonomic}
   size_t MaxHeapSize                              = 515899392                                 {product} {ergonomic}
   size_t MaxNewSize                               = 309329920                                 {product} {ergonomic}
   size_t MinHeapDeltaBytes                        = 1048576                                   {product} {ergonomic}
    uintx NonNMethodCodeHeapSize                   = 6973028                                {pd product} {ergonomic}
    uintx NonProfiledCodeHeapSize                  = 244685212                              {pd product} {ergonomic}
    uintx ProfiledCodeHeapSize                     = 0                                      {pd product} {ergonomic}
    uintx ReservedCodeCacheSize                    = 251658240                              {pd product} {ergonomic}
     bool SegmentedCodeCache                       = true                                      {product} {ergonomic}
     intx TieredStopAtLevel                        = 1                                         {product} {command line}
     bool UseCompressedClassPointers               = true                                 {lp64_product} {ergonomic}
     bool UseCompressedOops                        = true                                 {lp64_product} {ergonomic}
     bool UseG1GC                                  = true                                      {product} {ergonomic}

Logging:
Log output configuration:
 #0: stdout all=warning uptime,level,tags
 #1: stderr all=off uptime,level,tags

Environment Variables:
JAVA_HOME=/usr/local/java/jdk-11.0.5
PATH=/usr/local/apache-maven-3.6.3/bin:/usr/local/java/jdk-11.0.5/bin:/usr/local/sbin:/usr/local/bin:/usr/sbin:/usr/bin:/sbin:/bin:/usr/games:/usr/local/games:/usr/local/java/jdk-11.0.5/bin:/snap/bin
USERNAME=lbt
SHELL=/bin/bash
DISPLAY=:0

Signal Handlers:
SIGSEGV: [libjvm.so+0xe2d360], sa_mask[0]=11111111011111111101111111111110, sa_flags=SA_RESTART|SA_SIGINFO
SIGBUS: [libjvm.so+0xe2d360], sa_mask[0]=11111111011111111101111111111110, sa_flags=SA_RESTART|SA_SIGINFO
SIGFPE: [libjvm.so+0xe2d360], sa_mask[0]=11111111011111111101111111111110, sa_flags=SA_RESTART|SA_SIGINFO
SIGPIPE: [libjvm.so+0xc00e80], sa_mask[0]=11111111011111111101111111111110, sa_flags=SA_RESTART|SA_SIGINFO
SIGXFSZ: [libjvm.so+0xc00e80], sa_mask[0]=11111111011111111101111111111110, sa_flags=SA_RESTART|SA_SIGINFO
SIGILL: [libjvm.so+0xe2d360], sa_mask[0]=11111111011111111101111111111110, sa_flags=SA_RESTART|SA_SIGINFO
SIGUSR2: [libjvm.so+0xc00d20], sa_mask[0]=00100000000000000000000000000000, sa_flags=SA_RESTART|SA_SIGINFO
SIGHUP: [libjvm.so+0xc01080], sa_mask[0]=11111111011111111101111111111110, sa_flags=SA_RESTART|SA_SIGINFO
SIGINT: [libjvm.so+0xc01080], sa_mask[0]=11111111011111111101111111111110, sa_flags=SA_RESTART|SA_SIGINFO
SIGTERM: [libjvm.so+0xc01080], sa_mask[0]=11111111011111111101111111111110, sa_flags=SA_RESTART|SA_SIGINFO
SIGQUIT: [libjvm.so+0xc01080], sa_mask[0]=11111111011111111101111111111110, sa_flags=SA_RESTART|SA_SIGINFO


---------------  S Y S T E M  ---------------

OS:DISTRIB_ID=Ubuntu
DISTRIB_RELEASE=18.04
DISTRIB_CODENAME=bionic
DISTRIB_DESCRIPTION="Ubuntu 18.04.3 LTS"
uname:Linux 5.0.0-37-generic #40~18.04.1-Ubuntu SMP Thu Nov 14 12:06:39 UTC 2019 x86_64
libc:glibc 2.27 NPTL 2.27 
rlimit: STACK 8192k, CORE 0k, NPROC 7676, NOFILE 1048576, AS infinity, DATA infinity, FSIZE infinity
load average:12.47 8.59 3.86

/proc/meminfo:
MemTotal:        2013364 kB
MemFree:           52972 kB
MemAvailable:      13396 kB
Buffers:             420 kB
Cached:           120472 kB
SwapCached:          260 kB
Active:          1228192 kB
Inactive:         415992 kB
Active(anon):    1217824 kB
Inactive(anon):   405896 kB
Active(file):      10368 kB
Inactive(file):    10096 kB
Unevictable:          16 kB
Mlocked:              16 kB
SwapTotal:       2097148 kB
SwapFree:              0 kB
Dirty:                84 kB
Writeback:             0 kB
AnonPages:       1523920 kB
Mapped:            68188 kB
Shmem:             99876 kB
KReclaimable:      50752 kB
Slab:             125492 kB
SReclaimable:      50752 kB
SUnreclaim:        74740 kB
KernelStack:       22208 kB
PageTables:        63220 kB
NFS_Unstable:          0 kB
Bounce:                0 kB
WritebackTmp:          0 kB
CommitLimit:     3103828 kB
Committed_AS:    9386704 kB
VmallocTotal:   34359738367 kB
VmallocUsed:           0 kB
VmallocChunk:          0 kB
Percpu:            38912 kB
HardwareCorrupted:     0 kB
AnonHugePages:         0 kB
ShmemHugePages:        0 kB
ShmemPmdMapped:        0 kB
CmaTotal:              0 kB
CmaFree:               0 kB
HugePages_Total:       0
HugePages_Free:        0
HugePages_Rsvd:        0
HugePages_Surp:        0
Hugepagesize:       2048 kB
Hugetlb:               0 kB
DirectMap4k:      163712 kB
DirectMap2M:     1933312 kB
DirectMap1G:           0 kB


/proc/sys/kernel/threads-max (system-wide limit on the number of threads):
15352


/proc/sys/vm/max_map_count (maximum number of memory map areas a process may have):
65530


/proc/sys/kernel/pid_max (system-wide limit on number of process identifiers):
131072



container (cgroup) information:
container_type: cgroupv1
cpu_cpuset_cpus: 0-3
cpu_memory_nodes: 0
active_processor_count: 4
cpu_quota: -1
cpu_period: 100000
cpu_shares: -1
memory_limit_in_bytes: -1
memory_and_swap_limit_in_bytes: -2
memory_soft_limit_in_bytes: -1
memory_usage_in_bytes: 1684496384
memory_max_usage_in_bytes: 4112384


CPU:total 4 (initial active 4) (2 cores per cpu, 1 threads per core) family 6 model 158 stepping 9, cmov, cx8, fxsr, mmx, sse, sse2, sse3, ssse3, sse4.1, sse4.2, popcnt, avx, avx2, aes, clmul, erms, 3dnowpref, lzcnt, tsc, tscinvbit, bmi1, bmi2, adx, fma
CPU Model and flags from /proc/cpuinfo:
model name	: Intel(R) Core(TM) i7-7700 CPU @ 3.60GHz
flags		: fpu vme de pse tsc msr pae mce cx8 apic sep mtrr pge mca cmov pat pse36 clflush mmx fxsr sse sse2 ss ht syscall nx pdpe1gb rdtscp lm constant_tsc arch_perfmon nopl xtopology tsc_reliable nonstop_tsc cpuid pni pclmulqdq ssse3 fma cx16 pcid sse4_1 sse4_2 x2apic movbe popcnt tsc_deadline_timer aes xsave avx f16c rdrand hypervisor lahf_lm abm 3dnowprefetch cpuid_fault invpcid_single pti fsgsbase tsc_adjust bmi1 avx2 smep bmi2 invpcid mpx rdseed adx smap clflushopt xsaveopt xsavec xsaves arat

Memory: 4k page, physical 2013364k(53980k free), swap 2097148k(0k free)

vm_info: Java HotSpot(TM) 64-Bit Server VM (11.0.5+10-LTS) for linux-amd64 JRE (11.0.5+10-LTS), built on Oct  6 2019 11:44:08 by "mach5one" with gcc 7.3.0

END.
